The Graph change to the undirected graph
Total edges before adding self-loop 171340
Total edges after adding self-loop 188412
Run: 1/3, Epoch: 20/1000, Average epoch time: 0.08
Loss: 1.7042
Train/Val/Test loss: 1.7042/1.8523/1.8332
Train/Val/Test/Best Val/Final Test accuracy: 0.7243/0.7062/0.7181/0.7062/0.7181
Run: 1/3, Epoch: 40/1000, Average epoch time: 0.06
Loss: 1.5173
Train/Val/Test loss: 1.5173/1.5815/1.5715
Train/Val/Test/Best Val/Final Test accuracy: 0.8295/0.7953/0.8024/0.7953/0.8024
Run: 1/3, Epoch: 60/1000, Average epoch time: 0.05
Loss: 1.3987
Train/Val/Test loss: 1.3987/1.5529/1.5498
Train/Val/Test/Best Val/Final Test accuracy: 0.8729/0.8105/0.8156/0.8155/0.8150
Run: 1/3, Epoch: 80/1000, Average epoch time: 0.05
Loss: 1.3298
Train/Val/Test loss: 1.3298/1.5425/1.5375
Train/Val/Test/Best Val/Final Test accuracy: 0.9032/0.8105/0.8200/0.8228/0.8144
Run: 1/3, Epoch: 100/1000, Average epoch time: 0.05
Loss: 1.2897
Train/Val/Test loss: 1.2897/1.5467/1.5456
Train/Val/Test/Best Val/Final Test accuracy: 0.9245/0.8087/0.8191/0.8228/0.8144
**************************************************
Best val accuracy: 0.822788517867604, Final test accuracy: 0.8144028103044496
**************************************************
Run: 2/3, Epoch: 20/1000, Average epoch time: 0.03
Loss: 1.6989
Train/Val/Test loss: 1.6989/1.8617/1.8419
Train/Val/Test/Best Val/Final Test accuracy: 0.7199/0.6989/0.7272/0.6989/0.7272
Run: 2/3, Epoch: 40/1000, Average epoch time: 0.03
Loss: 1.5210
Train/Val/Test loss: 1.5210/1.5931/1.5892
Train/Val/Test/Best Val/Final Test accuracy: 0.8182/0.7865/0.8004/0.7865/0.8004
Run: 2/3, Epoch: 60/1000, Average epoch time: 0.03
Loss: 1.4020
Train/Val/Test loss: 1.4020/1.5422/1.5448
Train/Val/Test/Best Val/Final Test accuracy: 0.8761/0.8146/0.8132/0.8146/0.8165
Run: 2/3, Epoch: 80/1000, Average epoch time: 0.03
Loss: 1.3306
Train/Val/Test loss: 1.3306/1.5355/1.5406
Train/Val/Test/Best Val/Final Test accuracy: 0.9067/0.8190/0.8238/0.8190/0.8238
Run: 2/3, Epoch: 100/1000, Average epoch time: 0.03
Loss: 1.2883
Train/Val/Test loss: 1.2883/1.5362/1.5411
Train/Val/Test/Best Val/Final Test accuracy: 0.9285/0.8146/0.8229/0.8190/0.8238
Run: 2/3, Epoch: 120/1000, Average epoch time: 0.04
Loss: 1.2535
Train/Val/Test loss: 1.2535/1.5528/1.5535
Train/Val/Test/Best Val/Final Test accuracy: 0.9427/0.8128/0.8156/0.8202/0.8246
Run: 2/3, Epoch: 140/1000, Average epoch time: 0.04
Loss: 1.2357
Train/Val/Test loss: 1.2357/1.5758/1.5777
Train/Val/Test/Best Val/Final Test accuracy: 0.9504/0.8058/0.8118/0.8202/0.8246
**************************************************
Best val accuracy: 0.8201523140011716, Final test accuracy: 0.824648711943794
**************************************************
Run: 3/3, Epoch: 20/1000, Average epoch time: 0.03
Loss: 1.7011
Train/Val/Test loss: 1.7011/1.8460/1.8283
Train/Val/Test/Best Val/Final Test accuracy: 0.7234/0.6977/0.7122/0.6977/0.7122
Run: 3/3, Epoch: 40/1000, Average epoch time: 0.03
Loss: 1.5159
Train/Val/Test loss: 1.5159/1.5819/1.5756
Train/Val/Test/Best Val/Final Test accuracy: 0.8259/0.7935/0.7974/0.7950/0.7951
Run: 3/3, Epoch: 60/1000, Average epoch time: 0.03
Loss: 1.3985
Train/Val/Test loss: 1.3985/1.5416/1.5361
Train/Val/Test/Best Val/Final Test accuracy: 0.8770/0.8163/0.8150/0.8190/0.8194
Run: 3/3, Epoch: 80/1000, Average epoch time: 0.03
Loss: 1.3311
Train/Val/Test loss: 1.3311/1.5333/1.5264
Train/Val/Test/Best Val/Final Test accuracy: 0.9079/0.8199/0.8214/0.8204/0.8217
Run: 3/3, Epoch: 100/1000, Average epoch time: 0.03
Loss: 1.2838
Train/Val/Test loss: 1.2838/1.5405/1.5443
Train/Val/Test/Best Val/Final Test accuracy: 0.9300/0.8143/0.8185/0.8204/0.8217
**************************************************
Best val accuracy: 0.8204452255418864, Final test accuracy: 0.8217213114754098
**************************************************
Runned 3 times
Average val accuracy: 82.113 ± 0.118%
Average test accuracy: 82.026 ± 0.431%
