The Graph change to the undirected graph
Total edges before adding self-loop 171340
Total edges after adding self-loop 188412
Run: 1/3, Epoch: 20/1000, Average epoch time: 0.09
Loss: 1.7107
Train/Val/Test loss: 1.7107/1.8480/1.8245
Train/Val/Test/Best Val/Final Test accuracy: 0.7152/0.6977/0.7187/0.6977/0.7187
Run: 1/3, Epoch: 40/1000, Average epoch time: 0.08
Loss: 1.5189
Train/Val/Test loss: 1.5189/1.5853/1.5728
Train/Val/Test/Best Val/Final Test accuracy: 0.8260/0.7926/0.8050/0.7926/0.8050
Run: 1/3, Epoch: 60/1000, Average epoch time: 0.07
Loss: 1.3899
Train/Val/Test loss: 1.3899/1.5360/1.5361
Train/Val/Test/Best Val/Final Test accuracy: 0.8731/0.8084/0.8126/0.8210/0.8226
Run: 1/3, Epoch: 80/1000, Average epoch time: 0.06
Loss: 1.3174
Train/Val/Test loss: 1.3174/1.5432/1.5394
Train/Val/Test/Best Val/Final Test accuracy: 0.9086/0.8064/0.8156/0.8210/0.8226
Run: 1/3, Epoch: 100/1000, Average epoch time: 0.06
Loss: 1.2680
Train/Val/Test loss: 1.2680/1.5400/1.5460
Train/Val/Test/Best Val/Final Test accuracy: 0.9343/0.8181/0.8214/0.8210/0.8226
**************************************************
Best val accuracy: 0.8210310486233158, Final test accuracy: 0.822599531615925
**************************************************
Run: 2/3, Epoch: 20/1000, Average epoch time: 0.05
Loss: 1.7068
Train/Val/Test loss: 1.7068/1.8514/1.8310
Train/Val/Test/Best Val/Final Test accuracy: 0.7178/0.6968/0.7178/0.6968/0.7178
Run: 2/3, Epoch: 40/1000, Average epoch time: 0.05
Loss: 1.5146
Train/Val/Test loss: 1.5146/1.5936/1.5743
Train/Val/Test/Best Val/Final Test accuracy: 0.8274/0.7879/0.8033/0.7879/0.8033
Run: 2/3, Epoch: 60/1000, Average epoch time: 0.05
Loss: 1.3827
Train/Val/Test loss: 1.3827/1.5385/1.5332
Train/Val/Test/Best Val/Final Test accuracy: 0.8791/0.8073/0.8188/0.8134/0.8115
Run: 2/3, Epoch: 80/1000, Average epoch time: 0.05
Loss: 1.3140
Train/Val/Test loss: 1.3140/1.5379/1.5321
Train/Val/Test/Best Val/Final Test accuracy: 0.9090/0.8128/0.8159/0.8199/0.8176
Run: 2/3, Epoch: 100/1000, Average epoch time: 0.05
Loss: 1.2718
Train/Val/Test loss: 1.2718/1.5457/1.5444
Train/Val/Test/Best Val/Final Test accuracy: 0.9353/0.8169/0.8206/0.8199/0.8176
Run: 2/3, Epoch: 120/1000, Average epoch time: 0.05
Loss: 1.2360
Train/Val/Test loss: 1.2360/1.5601/1.5615
Train/Val/Test/Best Val/Final Test accuracy: 0.9430/0.8131/0.8188/0.8199/0.8176
**************************************************
Best val accuracy: 0.819859402460457, Final test accuracy: 0.8176229508196722
**************************************************
Run: 3/3, Epoch: 20/1000, Average epoch time: 0.06
Loss: 1.6991
Train/Val/Test loss: 1.6991/1.8450/1.8254
Train/Val/Test/Best Val/Final Test accuracy: 0.7187/0.7024/0.7157/0.7024/0.7157
Run: 3/3, Epoch: 40/1000, Average epoch time: 0.05
Loss: 1.5090
Train/Val/Test loss: 1.5090/1.5698/1.5576
Train/Val/Test/Best Val/Final Test accuracy: 0.8310/0.7976/0.8085/0.7976/0.8085
Run: 3/3, Epoch: 60/1000, Average epoch time: 0.05
Loss: 1.3777
Train/Val/Test loss: 1.3777/1.5306/1.5282
Train/Val/Test/Best Val/Final Test accuracy: 0.8832/0.8158/0.8229/0.8204/0.8170
Run: 3/3, Epoch: 80/1000, Average epoch time: 0.05
Loss: 1.3066
Train/Val/Test loss: 1.3066/1.5321/1.5300
Train/Val/Test/Best Val/Final Test accuracy: 0.9138/0.8169/0.8220/0.8207/0.8223
Run: 3/3, Epoch: 100/1000, Average epoch time: 0.06
Loss: 1.2628
Train/Val/Test loss: 1.2628/1.5435/1.5496
Train/Val/Test/Best Val/Final Test accuracy: 0.9377/0.8102/0.8188/0.8207/0.8223
**************************************************
Best val accuracy: 0.820738137082601, Final test accuracy: 0.8223067915690867
**************************************************
Runned 3 times
Average val accuracy: 82.054 ± 0.050%
Average test accuracy: 82.084 ± 0.228%
