The Graph change to the undirected graph
Total edges before adding self-loop 171340
Total edges after adding self-loop 188412
Run: 1/3, Epoch: 20/30, Average epoch time: 0.07
Loss: 2.0950
Train/Val/Test loss: 2.0950/1.8259/1.7990
Train/Val/Test/Best Val/Final Test accuracy: 0.7065/0.6875/0.7093/0.6875/0.7093
**************************************************
Best val accuracy: 0.7568834212067955, Final test accuracy: 0.775175644028103
**************************************************
Run: 2/3, Epoch: 20/30, Average epoch time: 0.04
Loss: 2.1345
Train/Val/Test loss: 2.1345/1.8619/1.8367
Train/Val/Test/Best Val/Final Test accuracy: 0.6859/0.6778/0.6994/0.6778/0.6994
**************************************************
Best val accuracy: 0.7662565905096661, Final test accuracy: 0.7757611241217799
**************************************************
Run: 3/3, Epoch: 20/30, Average epoch time: 0.04
Loss: 2.1057
Train/Val/Test loss: 2.1057/1.8250/1.7961
Train/Val/Test/Best Val/Final Test accuracy: 0.6948/0.6845/0.7058/0.6845/0.7058
**************************************************
Best val accuracy: 0.7507322788517867, Final test accuracy: 0.7570257611241218
**************************************************
Runned 3 times
Average val accuracy: 75.796 +/- 0.638%
Average test accuracy: 76.932 +/- 0.870%
