The Graph change to the undirected graph
Total edges before adding self-loop 171340
Total edges after adding self-loop 188412
Run: 1/3, Epoch: 20/1000, Average epoch time: 0.06
Loss: 1.7462
Train/Val/Test loss: 1.7462/1.7402/1.7142
Train/Val/Test/Best Val/Final Test accuracy: 0.7382/0.7238/0.7480/0.7238/0.7480
Run: 1/3, Epoch: 40/1000, Average epoch time: 0.04
Loss: 1.4987
Train/Val/Test loss: 1.4987/1.5237/1.5272
Train/Val/Test/Best Val/Final Test accuracy: 0.8518/0.8284/0.8328/0.8284/0.8328
Run: 1/3, Epoch: 60/1000, Average epoch time: 0.03
Loss: 1.3595
Train/Val/Test loss: 1.3595/1.4698/1.4780
Train/Val/Test/Best Val/Final Test accuracy: 0.9187/0.8597/0.8548/0.8597/0.8548
Run: 1/3, Epoch: 80/1000, Average epoch time: 0.03
Loss: 1.2654
Train/Val/Test loss: 1.2654/1.4561/1.4655
Train/Val/Test/Best Val/Final Test accuracy: 0.9636/0.8603/0.8589/0.8679/0.8598
Run: 1/3, Epoch: 100/1000, Average epoch time: 0.03
Loss: 1.2087
Train/Val/Test loss: 1.2087/1.4666/1.4757
Train/Val/Test/Best Val/Final Test accuracy: 0.9855/0.8609/0.8607/0.8694/0.8563
Run: 1/3, Epoch: 120/1000, Average epoch time: 0.03
Loss: 1.1742
Train/Val/Test loss: 1.1742/1.4774/1.4875
Train/Val/Test/Best Val/Final Test accuracy: 0.9964/0.8571/0.8574/0.8694/0.8563
**************************************************
Best val accuracy: 0.869361452841242, Final test accuracy: 0.8562646370023419
**************************************************
Run: 2/3, Epoch: 20/1000, Average epoch time: 0.02
Loss: 1.7367
Train/Val/Test loss: 1.7367/1.7180/1.6965
Train/Val/Test/Best Val/Final Test accuracy: 0.7387/0.7291/0.7441/0.7291/0.7441
Run: 2/3, Epoch: 40/1000, Average epoch time: 0.02
Loss: 1.4961
Train/Val/Test loss: 1.4961/1.5191/1.5164
Train/Val/Test/Best Val/Final Test accuracy: 0.8577/0.8284/0.8320/0.8284/0.8320
Run: 2/3, Epoch: 60/1000, Average epoch time: 0.02
Loss: 1.3566
Train/Val/Test loss: 1.3566/1.4762/1.4778
Train/Val/Test/Best Val/Final Test accuracy: 0.9210/0.8568/0.8571/0.8568/0.8522
Run: 2/3, Epoch: 80/1000, Average epoch time: 0.02
Loss: 1.2639
Train/Val/Test loss: 1.2639/1.4625/1.4631
Train/Val/Test/Best Val/Final Test accuracy: 0.9646/0.8641/0.8592/0.8641/0.8592
Run: 2/3, Epoch: 100/1000, Average epoch time: 0.02
Loss: 1.2142
Train/Val/Test loss: 1.2142/1.4836/1.4934
Train/Val/Test/Best Val/Final Test accuracy: 0.9785/0.8576/0.8539/0.8641/0.8592
Run: 2/3, Epoch: 120/1000, Average epoch time: 0.02
Loss: 1.1759
Train/Val/Test loss: 1.1759/1.4677/1.4707
Train/Val/Test/Best Val/Final Test accuracy: 0.9969/0.8656/0.8595/0.8711/0.8609
Run: 2/3, Epoch: 140/1000, Average epoch time: 0.02
Loss: 1.1597
Train/Val/Test loss: 1.1597/1.4714/1.4821
Train/Val/Test/Best Val/Final Test accuracy: 0.9987/0.8682/0.8636/0.8711/0.8609
Run: 2/3, Epoch: 160/1000, Average epoch time: 0.02
Loss: 1.1443
Train/Val/Test loss: 1.1443/1.4738/1.4734
Train/Val/Test/Best Val/Final Test accuracy: 0.9996/0.8670/0.8662/0.8711/0.8609
**************************************************
Best val accuracy: 0.8711189220855302, Final test accuracy: 0.8609484777517564
**************************************************
Run: 3/3, Epoch: 20/1000, Average epoch time: 0.02
Loss: 1.7537
Train/Val/Test loss: 1.7537/1.7346/1.7167
Train/Val/Test/Best Val/Final Test accuracy: 0.7277/0.7191/0.7362/0.7191/0.7362
Run: 3/3, Epoch: 40/1000, Average epoch time: 0.02
Loss: 1.5055
Train/Val/Test loss: 1.5055/1.5307/1.5233
Train/Val/Test/Best Val/Final Test accuracy: 0.8539/0.8225/0.8302/0.8234/0.8290
Run: 3/3, Epoch: 60/1000, Average epoch time: 0.02
Loss: 1.3669
Train/Val/Test loss: 1.3669/1.4704/1.4742
Train/Val/Test/Best Val/Final Test accuracy: 0.9153/0.8571/0.8577/0.8571/0.8577
Run: 3/3, Epoch: 80/1000, Average epoch time: 0.02
Loss: 1.2695
Train/Val/Test loss: 1.2695/1.4681/1.4727
Train/Val/Test/Best Val/Final Test accuracy: 0.9589/0.8550/0.8557/0.8606/0.8615
Run: 3/3, Epoch: 100/1000, Average epoch time: 0.02
Loss: 1.2164
Train/Val/Test loss: 1.2164/1.4647/1.4741
Train/Val/Test/Best Val/Final Test accuracy: 0.9841/0.8594/0.8580/0.8620/0.8577
Run: 3/3, Epoch: 120/1000, Average epoch time: 0.02
Loss: 1.1805
Train/Val/Test loss: 1.1805/1.4715/1.4829
Train/Val/Test/Best Val/Final Test accuracy: 0.9942/0.8623/0.8583/0.8623/0.8583
Run: 3/3, Epoch: 140/1000, Average epoch time: 0.02
Loss: 1.1626
Train/Val/Test loss: 1.1626/1.4803/1.4923
Train/Val/Test/Best Val/Final Test accuracy: 0.9979/0.8600/0.8607/0.8667/0.8627
Run: 3/3, Epoch: 160/1000, Average epoch time: 0.02
Loss: 1.1470
Train/Val/Test loss: 1.1470/1.4717/1.4791
Train/Val/Test/Best Val/Final Test accuracy: 0.9997/0.8653/0.8636/0.8667/0.8627
Run: 3/3, Epoch: 180/1000, Average epoch time: 0.02
Loss: 1.1361
Train/Val/Test loss: 1.1361/1.4741/1.4770
Train/Val/Test/Best Val/Final Test accuracy: 0.9996/0.8594/0.8636/0.8667/0.8627
Run: 3/3, Epoch: 200/1000, Average epoch time: 0.02
Loss: 1.1273
Train/Val/Test loss: 1.1273/1.4675/1.4749
Train/Val/Test/Best Val/Final Test accuracy: 0.9998/0.8647/0.8624/0.8691/0.8674
Run: 3/3, Epoch: 220/1000, Average epoch time: 0.02
Loss: 1.1242
Train/Val/Test loss: 1.1242/1.4641/1.4748
Train/Val/Test/Best Val/Final Test accuracy: 0.9999/0.8656/0.8639/0.8691/0.8674
**************************************************
Best val accuracy: 0.8690685413005272, Final test accuracy: 0.8673887587822015
**************************************************
Runned 3 times
Average val accuracy: 86.985 ± 0.091%
Average test accuracy: 86.153 ± 0.456%
