The Graph change to the undirected graph
Total edges before adding self-loop 171340
Total edges after adding self-loop 188412
Number of classes 20, text dim 4096, visual dim 4096
Run: 1/3, Epoch: 20/1000, Average epoch time: 0.08
Loss: 1.7741
Train/Val/Test loss: 1.7741/1.7921/1.7785
Train/Val/Test/Best Val/Final Test accuracy: 0.7604/0.7478/0.7579/0.7478/0.7579
Run: 1/3, Epoch: 40/1000, Average epoch time: 0.06
Loss: 1.5403
Train/Val/Test loss: 1.5403/1.5355/1.5419
Train/Val/Test/Best Val/Final Test accuracy: 0.8864/0.8430/0.8419/0.8430/0.8419
Run: 1/3, Epoch: 60/1000, Average epoch time: 0.05
Loss: 1.4154
Train/Val/Test loss: 1.4154/1.4784/1.4790
Train/Val/Test/Best Val/Final Test accuracy: 0.9358/0.8547/0.8571/0.8597/0.8554
Run: 1/3, Epoch: 80/1000, Average epoch time: 0.04
Loss: 1.3256
Train/Val/Test loss: 1.3256/1.4682/1.4769
Train/Val/Test/Best Val/Final Test accuracy: 0.9627/0.8565/0.8607/0.8615/0.8557
Run: 1/3, Epoch: 100/1000, Average epoch time: 0.04
Loss: 1.2751
Train/Val/Test loss: 1.2751/1.4787/1.4849
Train/Val/Test/Best Val/Final Test accuracy: 0.9837/0.8585/0.8560/0.8615/0.8557
Run: 1/3, Epoch: 120/1000, Average epoch time: 0.03
Loss: 1.2334
Train/Val/Test loss: 1.2334/1.4734/1.4794
Train/Val/Test/Best Val/Final Test accuracy: 0.9936/0.8582/0.8630/0.8632/0.8612
Run: 1/3, Epoch: 140/1000, Average epoch time: 0.03
Loss: 1.2081
Train/Val/Test loss: 1.2081/1.4828/1.4852
Train/Val/Test/Best Val/Final Test accuracy: 0.9973/0.8620/0.8571/0.8653/0.8604
Run: 1/3, Epoch: 160/1000, Average epoch time: 0.03
Loss: 1.1882
Train/Val/Test loss: 1.1882/1.4937/1.4976
Train/Val/Test/Best Val/Final Test accuracy: 0.9987/0.8603/0.8609/0.8697/0.8621
Run: 1/3, Epoch: 180/1000, Average epoch time: 0.03
Loss: 1.1742
Train/Val/Test loss: 1.1742/1.4698/1.4828
Train/Val/Test/Best Val/Final Test accuracy: 0.9996/0.8653/0.8636/0.8697/0.8621
**************************************************
Best val  accuracy: 0.8696543643819566, Final test  accuracy: 0.8621194379391101
**************************************************
Run: 2/3, Epoch: 20/1000, Average epoch time: 0.04
Loss: 1.7634
Train/Val/Test loss: 1.7634/1.7677/1.7580
Train/Val/Test/Best Val/Final Test accuracy: 0.7454/0.7326/0.7377/0.7326/0.7377
Run: 2/3, Epoch: 40/1000, Average epoch time: 0.05
Loss: 1.5300
Train/Val/Test loss: 1.5300/1.5469/1.5523
Train/Val/Test/Best Val/Final Test accuracy: 0.8825/0.8412/0.8410/0.8412/0.8410
Run: 2/3, Epoch: 60/1000, Average epoch time: 0.04
Loss: 1.4068
Train/Val/Test loss: 1.4068/1.4751/1.4742
Train/Val/Test/Best Val/Final Test accuracy: 0.9328/0.8574/0.8574/0.8574/0.8566
Run: 2/3, Epoch: 80/1000, Average epoch time: 0.03
Loss: 1.3250
Train/Val/Test loss: 1.3250/1.4732/1.4749
Train/Val/Test/Best Val/Final Test accuracy: 0.9636/0.8597/0.8609/0.8626/0.8604
Run: 2/3, Epoch: 100/1000, Average epoch time: 0.03
Loss: 1.2691
Train/Val/Test loss: 1.2691/1.4811/1.4825
Train/Val/Test/Best Val/Final Test accuracy: 0.9851/0.8579/0.8580/0.8626/0.8604
Run: 2/3, Epoch: 120/1000, Average epoch time: 0.03
Loss: 1.2329
Train/Val/Test loss: 1.2329/1.4789/1.4806
Train/Val/Test/Best Val/Final Test accuracy: 0.9922/0.8582/0.8592/0.8626/0.8604
**************************************************
Best val  accuracy: 0.8626244874048038, Final test  accuracy: 0.8603629976580797
**************************************************
Run: 3/3, Epoch: 20/1000, Average epoch time: 0.04
Loss: 1.7715
Train/Val/Test loss: 1.7715/1.7685/1.7474
Train/Val/Test/Best Val/Final Test accuracy: 0.7554/0.7361/0.7538/0.7361/0.7538
Run: 3/3, Epoch: 40/1000, Average epoch time: 0.05
Loss: 1.5389
Train/Val/Test loss: 1.5389/1.5548/1.5622
Train/Val/Test/Best Val/Final Test accuracy: 0.8810/0.8401/0.8372/0.8401/0.8372
Run: 3/3, Epoch: 60/1000, Average epoch time: 0.04
Loss: 1.4076
Train/Val/Test loss: 1.4076/1.4875/1.4909
Train/Val/Test/Best Val/Final Test accuracy: 0.9307/0.8556/0.8504/0.8556/0.8504
Run: 3/3, Epoch: 80/1000, Average epoch time: 0.03
Loss: 1.3220
Train/Val/Test loss: 1.3220/1.4740/1.4806
Train/Val/Test/Best Val/Final Test accuracy: 0.9622/0.8547/0.8583/0.8609/0.8574
Run: 3/3, Epoch: 100/1000, Average epoch time: 0.03
Loss: 1.2671
Train/Val/Test loss: 1.2671/1.4802/1.4931
Train/Val/Test/Best Val/Final Test accuracy: 0.9856/0.8571/0.8577/0.8629/0.8589
Run: 3/3, Epoch: 120/1000, Average epoch time: 0.03
Loss: 1.2289
Train/Val/Test loss: 1.2289/1.4697/1.4878
Train/Val/Test/Best Val/Final Test accuracy: 0.9919/0.8658/0.8601/0.8658/0.8601
Run: 3/3, Epoch: 140/1000, Average epoch time: 0.03
Loss: 1.2043
Train/Val/Test loss: 1.2043/1.4793/1.4900
Train/Val/Test/Best Val/Final Test accuracy: 0.9969/0.8620/0.8598/0.8658/0.8601
Run: 3/3, Epoch: 160/1000, Average epoch time: 0.02
Loss: 1.1848
Train/Val/Test loss: 1.1848/1.4801/1.4899
Train/Val/Test/Best Val/Final Test accuracy: 0.9990/0.8579/0.8589/0.8664/0.8621
Run: 3/3, Epoch: 180/1000, Average epoch time: 0.02
Loss: 1.1717
Train/Val/Test loss: 1.1717/1.4916/1.4970
Train/Val/Test/Best Val/Final Test accuracy: 0.9991/0.8585/0.8580/0.8676/0.8615
Run: 3/3, Epoch: 200/1000, Average epoch time: 0.02
Loss: 1.1588
Train/Val/Test loss: 1.1588/1.4726/1.4882
Train/Val/Test/Best Val/Final Test accuracy: 0.9997/0.8632/0.8624/0.8705/0.8621
Run: 3/3, Epoch: 220/1000, Average epoch time: 0.02
Loss: 1.1573
Train/Val/Test loss: 1.1573/1.4807/1.4938
Train/Val/Test/Best Val/Final Test accuracy: 0.9996/0.8585/0.8601/0.8705/0.8621
Run: 3/3, Epoch: 240/1000, Average epoch time: 0.02
Loss: 1.1495
Train/Val/Test loss: 1.1495/1.4767/1.4885
Train/Val/Test/Best Val/Final Test accuracy: 0.9998/0.8609/0.8595/0.8705/0.8621
**************************************************
Best val  accuracy: 0.8705330990041008, Final test  accuracy: 0.8621194379391101
**************************************************
Runned 3 times
Average val accuracy: 86.760 ± 0.354%
Average test accuracy: 86.153 ± 0.083%
