The Graph change to the undirected graph
Total edges before adding self-loop 171340
Total edges after adding self-loop 188412
Num classes: 20, feat dim: 4096
Run: 1/3, Epoch: 20/1000, Average epoch time: 0.08
Loss: 1.8339
Train/Val/Test loss: 1.8339/1.8314/1.8336
Train/Val/Test/Best Val/Final Test accuracy: 0.7376/0.7220/0.7283/0.7220/0.7283
Run: 1/3, Epoch: 40/1000, Average epoch time: 0.06
Loss: 1.5864
Train/Val/Test loss: 1.5864/1.5702/1.5725
Train/Val/Test/Best Val/Final Test accuracy: 0.8667/0.8284/0.8305/0.8284/0.8305
Run: 1/3, Epoch: 60/1000, Average epoch time: 0.05
Loss: 1.4532
Train/Val/Test loss: 1.4532/1.4872/1.4890
Train/Val/Test/Best Val/Final Test accuracy: 0.9194/0.8512/0.8571/0.8541/0.8539
Run: 1/3, Epoch: 80/1000, Average epoch time: 0.04
Loss: 1.3665
Train/Val/Test loss: 1.3665/1.4706/1.4716
Train/Val/Test/Best Val/Final Test accuracy: 0.9443/0.8582/0.8586/0.8591/0.8612
Run: 1/3, Epoch: 100/1000, Average epoch time: 0.04
Loss: 1.3109
Train/Val/Test loss: 1.3109/1.4706/1.4754
Train/Val/Test/Best Val/Final Test accuracy: 0.9639/0.8641/0.8627/0.8641/0.8627
Run: 1/3, Epoch: 120/1000, Average epoch time: 0.03
Loss: 1.2664
Train/Val/Test loss: 1.2664/1.4783/1.4901
Train/Val/Test/Best Val/Final Test accuracy: 0.9802/0.8635/0.8607/0.8641/0.8627
Run: 1/3, Epoch: 140/1000, Average epoch time: 0.03
Loss: 1.2347
Train/Val/Test loss: 1.2347/1.4773/1.4872
Train/Val/Test/Best Val/Final Test accuracy: 0.9921/0.8629/0.8615/0.8664/0.8653
Run: 1/3, Epoch: 160/1000, Average epoch time: 0.03
Loss: 1.2131
Train/Val/Test loss: 1.2131/1.4830/1.4949
Train/Val/Test/Best Val/Final Test accuracy: 0.9957/0.8623/0.8607/0.8664/0.8653
Run: 1/3, Epoch: 180/1000, Average epoch time: 0.03
Loss: 1.1959
Train/Val/Test loss: 1.1959/1.4924/1.5056
Train/Val/Test/Best Val/Final Test accuracy: 0.9974/0.8632/0.8604/0.8664/0.8653
Run: 1/3, Epoch: 200/1000, Average epoch time: 0.03
Loss: 1.1814
Train/Val/Test loss: 1.1814/1.4810/1.4960
Train/Val/Test/Best Val/Final Test accuracy: 0.9990/0.8620/0.8589/0.8667/0.8633
Run: 1/3, Epoch: 220/1000, Average epoch time: 0.02
Loss: 1.1777
Train/Val/Test loss: 1.1777/1.4760/1.4879
Train/Val/Test/Best Val/Final Test accuracy: 0.9990/0.8620/0.8659/0.8667/0.8633
Run: 1/3, Epoch: 240/1000, Average epoch time: 0.02
Loss: 1.1654
Train/Val/Test loss: 1.1654/1.4856/1.4942
Train/Val/Test/Best Val/Final Test accuracy: 0.9990/0.8620/0.8589/0.8667/0.8633
Run: 1/3, Epoch: 260/1000, Average epoch time: 0.02
Loss: 1.1571
Train/Val/Test loss: 1.1571/1.4814/1.4931
Train/Val/Test/Best Val/Final Test accuracy: 0.9996/0.8615/0.8630/0.8667/0.8633
**************************************************
Best val accuracy: 0.8667252489748096, Final test accuracy: 0.8632903981264637
**************************************************
Run: 2/3, Epoch: 20/1000, Average epoch time: 0.03
Loss: 1.7890
Train/Val/Test loss: 1.7890/1.7629/1.7483
Train/Val/Test/Best Val/Final Test accuracy: 0.7722/0.7554/0.7643/0.7554/0.7643
Run: 2/3, Epoch: 40/1000, Average epoch time: 0.04
Loss: 1.5668
Train/Val/Test loss: 1.5668/1.5582/1.5527
Train/Val/Test/Best Val/Final Test accuracy: 0.8723/0.8342/0.8446/0.8342/0.8446
Run: 2/3, Epoch: 60/1000, Average epoch time: 0.04
Loss: 1.4387
Train/Val/Test loss: 1.4387/1.4876/1.4900
Train/Val/Test/Best Val/Final Test accuracy: 0.9158/0.8527/0.8589/0.8550/0.8566
Run: 2/3, Epoch: 80/1000, Average epoch time: 0.03
Loss: 1.3680
Train/Val/Test loss: 1.3680/1.4651/1.4667
Train/Val/Test/Best Val/Final Test accuracy: 0.9520/0.8617/0.8595/0.8617/0.8595
Run: 2/3, Epoch: 100/1000, Average epoch time: 0.03
Loss: 1.3093
Train/Val/Test loss: 1.3093/1.4653/1.4745
Train/Val/Test/Best Val/Final Test accuracy: 0.9719/0.8647/0.8627/0.8653/0.8662
Run: 2/3, Epoch: 120/1000, Average epoch time: 0.03
Loss: 1.2664
Train/Val/Test loss: 1.2664/1.4705/1.4786
Train/Val/Test/Best Val/Final Test accuracy: 0.9850/0.8626/0.8604/0.8661/0.8633
Run: 2/3, Epoch: 140/1000, Average epoch time: 0.02
Loss: 1.2362
Train/Val/Test loss: 1.2362/1.4720/1.4848
Train/Val/Test/Best Val/Final Test accuracy: 0.9926/0.8574/0.8621/0.8661/0.8633
**************************************************
Best val accuracy: 0.8661394258933802, Final test accuracy: 0.8632903981264637
**************************************************
Run: 3/3, Epoch: 20/1000, Average epoch time: 0.04
Loss: 1.7757
Train/Val/Test loss: 1.7757/1.7936/1.7712
Train/Val/Test/Best Val/Final Test accuracy: 0.7621/0.7417/0.7538/0.7417/0.7538
Run: 3/3, Epoch: 40/1000, Average epoch time: 0.04
Loss: 1.5559
Train/Val/Test loss: 1.5559/1.5637/1.5589
Train/Val/Test/Best Val/Final Test accuracy: 0.8717/0.8289/0.8393/0.8289/0.8393
Run: 3/3, Epoch: 60/1000, Average epoch time: 0.04
Loss: 1.4389
Train/Val/Test loss: 1.4389/1.4863/1.4866
Train/Val/Test/Best Val/Final Test accuracy: 0.9159/0.8497/0.8574/0.8515/0.8551
Run: 3/3, Epoch: 80/1000, Average epoch time: 0.03
Loss: 1.3615
Train/Val/Test loss: 1.3615/1.4670/1.4661
Train/Val/Test/Best Val/Final Test accuracy: 0.9498/0.8600/0.8662/0.8626/0.8656
Run: 3/3, Epoch: 100/1000, Average epoch time: 0.03
Loss: 1.3073
Train/Val/Test loss: 1.3073/1.4660/1.4689
Train/Val/Test/Best Val/Final Test accuracy: 0.9709/0.8600/0.8656/0.8635/0.8665
Run: 3/3, Epoch: 120/1000, Average epoch time: 0.03
Loss: 1.2664
Train/Val/Test loss: 1.2664/1.4740/1.4782
Train/Val/Test/Best Val/Final Test accuracy: 0.9838/0.8594/0.8636/0.8635/0.8665
Run: 3/3, Epoch: 140/1000, Average epoch time: 0.03
Loss: 1.2321
Train/Val/Test loss: 1.2321/1.4856/1.4892
Train/Val/Test/Best Val/Final Test accuracy: 0.9929/0.8600/0.8633/0.8658/0.8653
Run: 3/3, Epoch: 160/1000, Average epoch time: 0.02
Loss: 1.2106
Train/Val/Test loss: 1.2106/1.4761/1.4870
Train/Val/Test/Best Val/Final Test accuracy: 0.9972/0.8629/0.8650/0.8673/0.8648
Run: 3/3, Epoch: 180/1000, Average epoch time: 0.02
Loss: 1.1921
Train/Val/Test loss: 1.1921/1.4878/1.4991
Train/Val/Test/Best Val/Final Test accuracy: 0.9982/0.8606/0.8595/0.8685/0.8612
Run: 3/3, Epoch: 200/1000, Average epoch time: 0.02
Loss: 1.1813
Train/Val/Test loss: 1.1813/1.4866/1.4976
Train/Val/Test/Best Val/Final Test accuracy: 0.9983/0.8635/0.8627/0.8685/0.8612
**************************************************
Best val accuracy: 0.8684827182190978, Final test accuracy: 0.8612412177985949
**************************************************
Runned 3 times
Average val accuracy: 86.712 +/- 0.100%
Average test accuracy: 86.261 +/- 0.097%
