The Graph change to the undirected graph
Total edges before adding self-loop 1167188
Total edges after adding self-loop 1266826
Run: 1/3, Epoch: 20/30, Average epoch time: 0.17
Loss: 2.2793
Train/Val/Test loss: 2.2793/2.1809/2.1814
Train/Val/Test/Best Val/Final Test accuracy: 0.5125/0.5049/0.5047/0.5049/0.5047
**************************************************
Best val accuracy: 0.6958398153259396, Final test accuracy: 0.7021927843845652
**************************************************
Run: 2/3, Epoch: 20/30, Average epoch time: 0.14
Loss: 2.2272
Train/Val/Test loss: 2.2272/2.1198/2.1176
Train/Val/Test/Best Val/Final Test accuracy: 0.5466/0.5409/0.5386/0.5409/0.5386
**************************************************
Best val accuracy: 0.7186731570231344, Final test accuracy: 0.7236690250388881
**************************************************
Run: 3/3, Epoch: 20/30, Average epoch time: 0.14
Loss: 2.2414
Train/Val/Test loss: 2.2414/2.1341/2.1311
Train/Val/Test/Best Val/Final Test accuracy: 0.5468/0.5437/0.5544/0.5437/0.5544
**************************************************
Best val accuracy: 0.7231896421940082, Final test accuracy: 0.7253750815394651
**************************************************
Runned 3 times
Average val accuracy: 71.257 +/- 1.197%
Average test accuracy: 71.708 +/- 1.055%
