The Graph change to the undirected graph
Total edges before adding self-loop 1167188
Total edges after adding self-loop 1266826
Run: 1/3, Epoch: 20/1000, Average epoch time: 0.24
Loss: 2.0164
Train/Val/Test loss: 2.0164/2.0956/2.0929
Train/Val/Test/Best Val/Final Test accuracy: 0.6908/0.6869/0.6884/0.6869/0.6884
Run: 1/3, Epoch: 40/1000, Average epoch time: 0.21
Loss: 1.7410
Train/Val/Test loss: 1.7410/1.7482/1.7454
Train/Val/Test/Best Val/Final Test accuracy: 0.7650/0.7515/0.7546/0.7515/0.7546
Run: 1/3, Epoch: 60/1000, Average epoch time: 0.21
Loss: 1.6471
Train/Val/Test loss: 1.6471/1.6977/1.6962
Train/Val/Test/Best Val/Final Test accuracy: 0.7975/0.7590/0.7633/0.7590/0.7633
Run: 1/3, Epoch: 80/1000, Average epoch time: 0.21
Loss: 1.5762
Train/Val/Test loss: 1.5762/1.6933/1.6900
Train/Val/Test/Best Val/Final Test accuracy: 0.8256/0.7502/0.7518/0.7590/0.7633
Run: 1/3, Epoch: 100/1000, Average epoch time: 0.20
Loss: 1.5208
Train/Val/Test loss: 1.5208/1.7190/1.7180
Train/Val/Test/Best Val/Final Test accuracy: 0.8437/0.7396/0.7401/0.7590/0.7633
**************************************************
Best val accuracy: 0.759020424549606, Final test accuracy: 0.7632595714787496
**************************************************
Run: 2/3, Epoch: 20/1000, Average epoch time: 0.19
Loss: 2.0208
Train/Val/Test loss: 2.0208/2.0865/2.0838
Train/Val/Test/Best Val/Final Test accuracy: 0.6824/0.6763/0.6816/0.6763/0.6816
Run: 2/3, Epoch: 40/1000, Average epoch time: 0.20
Loss: 1.7411
Train/Val/Test loss: 1.7411/1.7519/1.7469
Train/Val/Test/Best Val/Final Test accuracy: 0.7640/0.7519/0.7551/0.7519/0.7551
Run: 2/3, Epoch: 60/1000, Average epoch time: 0.20
Loss: 1.6490
Train/Val/Test loss: 1.6490/1.7033/1.7005
Train/Val/Test/Best Val/Final Test accuracy: 0.7961/0.7584/0.7596/0.7607/0.7613
Run: 2/3, Epoch: 80/1000, Average epoch time: 0.20
Loss: 1.5804
Train/Val/Test loss: 1.5804/1.6959/1.6923
Train/Val/Test/Best Val/Final Test accuracy: 0.8212/0.7519/0.7529/0.7607/0.7613
Run: 2/3, Epoch: 100/1000, Average epoch time: 0.20
Loss: 1.5215
Train/Val/Test loss: 1.5215/1.7171/1.7132
Train/Val/Test/Best Val/Final Test accuracy: 0.8452/0.7422/0.7431/0.7607/0.7613
**************************************************
Best val accuracy: 0.7606764691122597, Final test accuracy: 0.7613026243163229
**************************************************
Run: 3/3, Epoch: 20/1000, Average epoch time: 0.20
Loss: 2.0195
Train/Val/Test loss: 2.0195/2.0937/2.0888
Train/Val/Test/Best Val/Final Test accuracy: 0.6870/0.6822/0.6876/0.6822/0.6876
Run: 3/3, Epoch: 40/1000, Average epoch time: 0.20
Loss: 1.7392
Train/Val/Test loss: 1.7392/1.7497/1.7453
Train/Val/Test/Best Val/Final Test accuracy: 0.7643/0.7508/0.7554/0.7508/0.7554
Run: 3/3, Epoch: 60/1000, Average epoch time: 0.20
Loss: 1.6448
Train/Val/Test loss: 1.6448/1.6992/1.6974
Train/Val/Test/Best Val/Final Test accuracy: 0.7961/0.7573/0.7607/0.7584/0.7619
Run: 3/3, Epoch: 80/1000, Average epoch time: 0.20
Loss: 1.5736
Train/Val/Test loss: 1.5736/1.6918/1.6897
Train/Val/Test/Best Val/Final Test accuracy: 0.8269/0.7510/0.7536/0.7584/0.7619
Run: 3/3, Epoch: 100/1000, Average epoch time: 0.20
Loss: 1.5147
Train/Val/Test loss: 1.5147/1.7144/1.7119
Train/Val/Test/Best Val/Final Test accuracy: 0.8491/0.7432/0.7437/0.7584/0.7619
**************************************************
Best val accuracy: 0.7584182265268229, Final test accuracy: 0.7619047619047619
**************************************************
Runned 3 times
Average val accuracy: 75.937 ± 0.095%
Average test accuracy: 76.216 ± 0.082%
