====num_tf_layers 1
Run: 1/3, Epoch: 20/300, Average epoch time: 0.29
Loss: 2.0987
Train/Val/Test loss: 2.0987/1.8811/1.8704
Train/Val/Test/Best Val/Final Test accuracy: 0.6941/0.6892/0.6954/0.6892/0.6954
Run: 1/3, Epoch: 40/300, Average epoch time: 0.27
Loss: 1.7870
Train/Val/Test loss: 1.7870/1.6982/1.6896
Train/Val/Test/Best Val/Final Test accuracy: 0.8099/0.8003/0.8069/0.8003/0.8069
Run: 1/3, Epoch: 60/300, Average epoch time: 0.26
Loss: 1.7095
Train/Val/Test loss: 1.7095/1.6044/1.5971
Train/Val/Test/Best Val/Final Test accuracy: 0.8386/0.8260/0.8292/0.8260/0.8292
Run: 1/3, Epoch: 80/300, Average epoch time: 0.26
Loss: 1.6786
Train/Val/Test loss: 1.6786/1.5728/1.5665
Train/Val/Test/Best Val/Final Test accuracy: 0.8527/0.8375/0.8399/0.8375/0.8399
Run: 1/3, Epoch: 100/300, Average epoch time: 0.25
Loss: 1.6563
Train/Val/Test loss: 1.6563/1.5584/1.5536
Train/Val/Test/Best Val/Final Test accuracy: 0.8615/0.8402/0.8439/0.8408/0.8452
Run: 1/3, Epoch: 120/300, Average epoch time: 0.25
Loss: 1.6419
Train/Val/Test loss: 1.6419/1.5500/1.5449
Train/Val/Test/Best Val/Final Test accuracy: 0.8701/0.8453/0.8473/0.8453/0.8473
Run: 1/3, Epoch: 140/300, Average epoch time: 0.26
Loss: 1.6258
Train/Val/Test loss: 1.6258/1.5445/1.5409
Train/Val/Test/Best Val/Final Test accuracy: 0.8786/0.8472/0.8513/0.8481/0.8512
Run: 1/3, Epoch: 160/300, Average epoch time: 0.26
Loss: 1.6145
Train/Val/Test loss: 1.6145/1.5403/1.5362
Train/Val/Test/Best Val/Final Test accuracy: 0.8847/0.8497/0.8535/0.8498/0.8512
Run: 1/3, Epoch: 180/300, Average epoch time: 0.26
Loss: 1.6039
Train/Val/Test loss: 1.6039/1.5393/1.5354
Train/Val/Test/Best Val/Final Test accuracy: 0.8908/0.8501/0.8534/0.8513/0.8531
Run: 1/3, Epoch: 200/300, Average epoch time: 0.26
Loss: 1.5929
Train/Val/Test loss: 1.5929/1.5369/1.5339
Train/Val/Test/Best Val/Final Test accuracy: 0.8970/0.8499/0.8536/0.8529/0.8548
Run: 1/3, Epoch: 220/300, Average epoch time: 0.26
Loss: 1.5844
Train/Val/Test loss: 1.5844/1.5400/1.5349
Train/Val/Test/Best Val/Final Test accuracy: 0.9015/0.8501/0.8540/0.8530/0.8552
Run: 1/3, Epoch: 240/300, Average epoch time: 0.25
Loss: 1.5758
Train/Val/Test loss: 1.5758/1.5396/1.5339
Train/Val/Test/Best Val/Final Test accuracy: 0.9072/0.8521/0.8570/0.8531/0.8576
Run: 1/3, Epoch: 260/300, Average epoch time: 0.26
Loss: 1.5671
Train/Val/Test loss: 1.5671/1.5399/1.5343
Train/Val/Test/Best Val/Final Test accuracy: 0.9129/0.8534/0.8551/0.8539/0.8566
Run: 1/3, Epoch: 280/300, Average epoch time: 0.25
Loss: 1.5582
Train/Val/Test loss: 1.5582/1.5426/1.5359
Train/Val/Test/Best Val/Final Test accuracy: 0.9159/0.8517/0.8538/0.8539/0.8566
Run: 1/3, Epoch: 300/300, Average epoch time: 0.25
Loss: 1.5544
Train/Val/Test loss: 1.5544/1.5462/1.5396
Train/Val/Test/Best Val/Final Test accuracy: 0.9206/0.8511/0.8550/0.8539/0.8566
**************************************************
Best val accuracy: 0.8538666131379535, Final test accuracy: 0.856641075819158
**************************************************
====num_tf_layers 1
Run: 2/3, Epoch: 20/300, Average epoch time: 0.22
Loss: 2.0901
Train/Val/Test loss: 2.0901/1.8824/1.8703
Train/Val/Test/Best Val/Final Test accuracy: 0.6824/0.6784/0.6804/0.6784/0.6804
Run: 2/3, Epoch: 40/300, Average epoch time: 0.22
Loss: 1.7888
Train/Val/Test loss: 1.7888/1.7003/1.6908
Train/Val/Test/Best Val/Final Test accuracy: 0.8061/0.7986/0.8043/0.7986/0.8043
Run: 2/3, Epoch: 60/300, Average epoch time: 0.22
Loss: 1.7135
Train/Val/Test loss: 1.7135/1.6070/1.6003
Train/Val/Test/Best Val/Final Test accuracy: 0.8369/0.8245/0.8261/0.8245/0.8261
Run: 2/3, Epoch: 80/300, Average epoch time: 0.22
Loss: 1.6834
Train/Val/Test loss: 1.6834/1.5735/1.5681
Train/Val/Test/Best Val/Final Test accuracy: 0.8517/0.8357/0.8378/0.8357/0.8378
Run: 2/3, Epoch: 100/300, Average epoch time: 0.22
Loss: 1.6614
Train/Val/Test loss: 1.6614/1.5614/1.5567
Train/Val/Test/Best Val/Final Test accuracy: 0.8604/0.8404/0.8429/0.8406/0.8428
Run: 2/3, Epoch: 120/300, Average epoch time: 0.23
Loss: 1.6414
Train/Val/Test loss: 1.6414/1.5492/1.5449
Train/Val/Test/Best Val/Final Test accuracy: 0.8699/0.8444/0.8461/0.8450/0.8450
Run: 2/3, Epoch: 140/300, Average epoch time: 0.25
Loss: 1.6236
Train/Val/Test loss: 1.6236/1.5436/1.5386
Train/Val/Test/Best Val/Final Test accuracy: 0.8770/0.8480/0.8487/0.8480/0.8487
Run: 2/3, Epoch: 160/300, Average epoch time: 0.27
Loss: 1.6133
Train/Val/Test loss: 1.6133/1.5415/1.5357
Train/Val/Test/Best Val/Final Test accuracy: 0.8844/0.8502/0.8517/0.8502/0.8517
Run: 2/3, Epoch: 180/300, Average epoch time: 0.29
Loss: 1.6012
Train/Val/Test loss: 1.6012/1.5427/1.5371
Train/Val/Test/Best Val/Final Test accuracy: 0.8899/0.8501/0.8527/0.8508/0.8515
Run: 2/3, Epoch: 200/300, Average epoch time: 0.30
Loss: 1.5922
Train/Val/Test loss: 1.5922/1.5391/1.5329
Train/Val/Test/Best Val/Final Test accuracy: 0.8968/0.8494/0.8538/0.8522/0.8543
Run: 2/3, Epoch: 220/300, Average epoch time: 0.31
Loss: 1.5836
Train/Val/Test loss: 1.5836/1.5394/1.5345
Train/Val/Test/Best Val/Final Test accuracy: 0.9010/0.8491/0.8515/0.8524/0.8539
Run: 2/3, Epoch: 240/300, Average epoch time: 0.32
Loss: 1.5745
Train/Val/Test loss: 1.5745/1.5384/1.5307
Train/Val/Test/Best Val/Final Test accuracy: 0.9078/0.8524/0.8549/0.8526/0.8538
Run: 2/3, Epoch: 260/300, Average epoch time: 0.32
Loss: 1.5658
Train/Val/Test loss: 1.5658/1.5422/1.5361
Train/Val/Test/Best Val/Final Test accuracy: 0.9126/0.8487/0.8549/0.8530/0.8559
Run: 2/3, Epoch: 280/300, Average epoch time: 0.33
Loss: 1.5620
Train/Val/Test loss: 1.5620/1.5458/1.5390
Train/Val/Test/Best Val/Final Test accuracy: 0.9148/0.8507/0.8549/0.8530/0.8560
Run: 2/3, Epoch: 300/300, Average epoch time: 0.34
Loss: 1.5530
Train/Val/Test loss: 1.5530/1.5457/1.5381
Train/Val/Test/Best Val/Final Test accuracy: 0.9218/0.8515/0.8562/0.8530/0.8560
**************************************************
Best val accuracy: 0.853013499272344, Final test accuracy: 0.8560389382307191
**************************************************
====num_tf_layers 1
Run: 3/3, Epoch: 20/300, Average epoch time: 0.41
Loss: 2.0879
Train/Val/Test loss: 2.0879/1.8782/1.8650
Train/Val/Test/Best Val/Final Test accuracy: 0.6990/0.6936/0.6988/0.6936/0.6988
Run: 3/3, Epoch: 40/300, Average epoch time: 0.40
Loss: 1.7834
Train/Val/Test loss: 1.7834/1.6947/1.6863
Train/Val/Test/Best Val/Final Test accuracy: 0.8084/0.8010/0.8051/0.8010/0.8051
Run: 3/3, Epoch: 60/300, Average epoch time: 0.40
Loss: 1.7120
Train/Val/Test loss: 1.7120/1.6070/1.5993
Train/Val/Test/Best Val/Final Test accuracy: 0.8377/0.8247/0.8299/0.8247/0.8299
Run: 3/3, Epoch: 80/300, Average epoch time: 0.36
Loss: 1.6761
Train/Val/Test loss: 1.6761/1.5721/1.5664
Train/Val/Test/Best Val/Final Test accuracy: 0.8514/0.8345/0.8385/0.8345/0.8385
Run: 3/3, Epoch: 100/300, Average epoch time: 0.33
Loss: 1.6582
Train/Val/Test loss: 1.6582/1.5576/1.5513
Train/Val/Test/Best Val/Final Test accuracy: 0.8624/0.8410/0.8445/0.8412/0.8446
Run: 3/3, Epoch: 120/300, Average epoch time: 0.34
Loss: 1.6405
Train/Val/Test loss: 1.6405/1.5495/1.5436
Train/Val/Test/Best Val/Final Test accuracy: 0.8701/0.8441/0.8478/0.8441/0.8478
Run: 3/3, Epoch: 140/300, Average epoch time: 0.35
Loss: 1.6279
Train/Val/Test loss: 1.6279/1.5437/1.5387
Train/Val/Test/Best Val/Final Test accuracy: 0.8768/0.8456/0.8499/0.8478/0.8501
Run: 3/3, Epoch: 160/300, Average epoch time: 0.36
Loss: 1.6140
Train/Val/Test loss: 1.6140/1.5395/1.5341
Train/Val/Test/Best Val/Final Test accuracy: 0.8845/0.8482/0.8530/0.8504/0.8539
Run: 3/3, Epoch: 180/300, Average epoch time: 0.36
Loss: 1.6038
Train/Val/Test loss: 1.6038/1.5392/1.5340
Train/Val/Test/Best Val/Final Test accuracy: 0.8915/0.8507/0.8542/0.8519/0.8543
Run: 3/3, Epoch: 200/300, Average epoch time: 0.37
Loss: 1.5915
Train/Val/Test loss: 1.5915/1.5402/1.5350
Train/Val/Test/Best Val/Final Test accuracy: 0.8960/0.8495/0.8529/0.8519/0.8543
Run: 3/3, Epoch: 220/300, Average epoch time: 0.37
Loss: 1.5838
Train/Val/Test loss: 1.5838/1.5395/1.5347
Train/Val/Test/Best Val/Final Test accuracy: 0.9022/0.8512/0.8538/0.8520/0.8558
Run: 3/3, Epoch: 240/300, Average epoch time: 0.38
Loss: 1.5778
Train/Val/Test loss: 1.5778/1.5382/1.5330
Train/Val/Test/Best Val/Final Test accuracy: 0.9089/0.8519/0.8553/0.8520/0.8558
Run: 3/3, Epoch: 260/300, Average epoch time: 0.38
Loss: 1.5675
Train/Val/Test loss: 1.5675/1.5397/1.5339
Train/Val/Test/Best Val/Final Test accuracy: 0.9140/0.8518/0.8569/0.8530/0.8555
Run: 3/3, Epoch: 280/300, Average epoch time: 0.38
Loss: 1.5600
Train/Val/Test loss: 1.5600/1.5403/1.5355
Train/Val/Test/Best Val/Final Test accuracy: 0.9174/0.8511/0.8542/0.8530/0.8555
Run: 3/3, Epoch: 300/300, Average epoch time: 0.38
Loss: 1.5523
Train/Val/Test loss: 1.5523/1.5462/1.5423
Train/Val/Test/Best Val/Final Test accuracy: 0.9192/0.8504/0.8532/0.8530/0.8555
**************************************************
Best val accuracy: 0.853013499272344, Final test accuracy: 0.8555371569070199
**************************************************
Runned 3 times
Average val accuracy: 85.330 ± 0.040%
Average test accuracy: 85.607 ± 0.045%
