The Graph change to the undirected graph
Total edges before adding self-loop 1167188
Total edges after adding self-loop 1266826
Num classes: 50, feat dim: 4096
Run: 1/3, Epoch: 20/1000, Average epoch time: 0.09
Loss: 2.0937
Train/Val/Test loss: 2.0937/2.0053/2.0011
Train/Val/Test/Best Val/Final Test accuracy: 0.6495/0.6495/0.6498/0.6495/0.6498
Run: 1/3, Epoch: 40/1000, Average epoch time: 0.08
Loss: 1.8611
Train/Val/Test loss: 1.8611/1.8093/1.7976
Train/Val/Test/Best Val/Final Test accuracy: 0.7644/0.7521/0.7588/0.7521/0.7588
Run: 1/3, Epoch: 60/1000, Average epoch time: 0.07
Loss: 1.7652
Train/Val/Test loss: 1.7652/1.7011/1.6895
Train/Val/Test/Best Val/Final Test accuracy: 0.8048/0.7856/0.7921/0.7856/0.7921
Run: 1/3, Epoch: 80/1000, Average epoch time: 0.06
Loss: 1.7079
Train/Val/Test loss: 1.7079/1.6590/1.6476
Train/Val/Test/Best Val/Final Test accuracy: 0.8285/0.7993/0.8083/0.7994/0.8079
Run: 1/3, Epoch: 100/1000, Average epoch time: 0.06
Loss: 1.6701
Train/Val/Test loss: 1.6701/1.6412/1.6295
Train/Val/Test/Best Val/Final Test accuracy: 0.8450/0.8058/0.8140/0.8058/0.8140
Run: 1/3, Epoch: 120/1000, Average epoch time: 0.06
Loss: 1.6395
Train/Val/Test loss: 1.6395/1.6333/1.6212
Train/Val/Test/Best Val/Final Test accuracy: 0.8599/0.8083/0.8159/0.8103/0.8172
Run: 1/3, Epoch: 140/1000, Average epoch time: 0.05
Loss: 1.6138
Train/Val/Test loss: 1.6138/1.6302/1.6196
Train/Val/Test/Best Val/Final Test accuracy: 0.8716/0.8121/0.8179/0.8124/0.8194
Run: 1/3, Epoch: 160/1000, Average epoch time: 0.05
Loss: 1.5935
Train/Val/Test loss: 1.5935/1.6311/1.6201
Train/Val/Test/Best Val/Final Test accuracy: 0.8795/0.8116/0.8193/0.8145/0.8185
Run: 1/3, Epoch: 180/1000, Average epoch time: 0.05
Loss: 1.5779
Train/Val/Test loss: 1.5779/1.6295/1.6196
Train/Val/Test/Best Val/Final Test accuracy: 0.8896/0.8136/0.8187/0.8169/0.8210
Run: 1/3, Epoch: 200/1000, Average epoch time: 0.05
Loss: 1.5591
Train/Val/Test loss: 1.5591/1.6363/1.6245
Train/Val/Test/Best Val/Final Test accuracy: 0.8963/0.8174/0.8210/0.8174/0.8221
Run: 1/3, Epoch: 220/1000, Average epoch time: 0.05
Loss: 1.5474
Train/Val/Test loss: 1.5474/1.6467/1.6345
Train/Val/Test/Best Val/Final Test accuracy: 0.8951/0.8121/0.8160/0.8188/0.8223
Run: 1/3, Epoch: 240/1000, Average epoch time: 0.05
Loss: 1.5297
Train/Val/Test loss: 1.5297/1.6320/1.6222
Train/Val/Test/Best Val/Final Test accuracy: 0.9156/0.8192/0.8239/0.8192/0.8211
Run: 1/3, Epoch: 260/1000, Average epoch time: 0.05
Loss: 1.5218
Train/Val/Test loss: 1.5218/1.6436/1.6353
Train/Val/Test/Best Val/Final Test accuracy: 0.9161/0.8175/0.8200/0.8203/0.8249
Run: 1/3, Epoch: 280/1000, Average epoch time: 0.05
Loss: 1.5092
Train/Val/Test loss: 1.5092/1.6473/1.6383
Train/Val/Test/Best Val/Final Test accuracy: 0.9166/0.8161/0.8185/0.8209/0.8262
Run: 1/3, Epoch: 300/1000, Average epoch time: 0.05
Loss: 1.5012
Train/Val/Test loss: 1.5012/1.6465/1.6354
Train/Val/Test/Best Val/Final Test accuracy: 0.9255/0.8175/0.8235/0.8222/0.8259
Run: 1/3, Epoch: 320/1000, Average epoch time: 0.05
Loss: 1.4919
Train/Val/Test loss: 1.4919/1.6482/1.6388
Train/Val/Test/Best Val/Final Test accuracy: 0.9304/0.8174/0.8212/0.8235/0.8254
Run: 1/3, Epoch: 340/1000, Average epoch time: 0.05
Loss: 1.4744
Train/Val/Test loss: 1.4744/1.6599/1.6511
Train/Val/Test/Best Val/Final Test accuracy: 0.9342/0.8186/0.8215/0.8235/0.8264
Run: 1/3, Epoch: 360/1000, Average epoch time: 0.04
Loss: 1.4670
Train/Val/Test loss: 1.4670/1.6448/1.6366
Train/Val/Test/Best Val/Final Test accuracy: 0.9452/0.8211/0.8248/0.8243/0.8280
Run: 1/3, Epoch: 380/1000, Average epoch time: 0.04
Loss: 1.4745
Train/Val/Test loss: 1.4745/1.6579/1.6496
Train/Val/Test/Best Val/Final Test accuracy: 0.9383/0.8171/0.8174/0.8243/0.8280
Run: 1/3, Epoch: 400/1000, Average epoch time: 0.04
Loss: 1.4572
Train/Val/Test loss: 1.4572/1.6535/1.6441
Train/Val/Test/Best Val/Final Test accuracy: 0.9472/0.8224/0.8272/0.8243/0.8280
**************************************************
Best val accuracy: 0.8242585436844483, Final test accuracy: 0.8280395403683075
**************************************************
Run: 2/3, Epoch: 20/1000, Average epoch time: 0.06
Loss: 2.1342
Train/Val/Test loss: 2.1342/2.0284/2.0260
Train/Val/Test/Best Val/Final Test accuracy: 0.6416/0.6424/0.6477/0.6424/0.6477
Run: 2/3, Epoch: 40/1000, Average epoch time: 0.06
Loss: 1.8611
Train/Val/Test loss: 1.8611/1.8004/1.7936
Train/Val/Test/Best Val/Final Test accuracy: 0.7655/0.7587/0.7610/0.7587/0.7610
Run: 2/3, Epoch: 60/1000, Average epoch time: 0.06
Loss: 1.7640
Train/Val/Test loss: 1.7640/1.7006/1.6915
Train/Val/Test/Best Val/Final Test accuracy: 0.8068/0.7883/0.7932/0.7883/0.7932
Run: 2/3, Epoch: 80/1000, Average epoch time: 0.06
Loss: 1.7095
Train/Val/Test loss: 1.7095/1.6596/1.6517
Train/Val/Test/Best Val/Final Test accuracy: 0.8278/0.8018/0.8069/0.8018/0.8069
Run: 2/3, Epoch: 100/1000, Average epoch time: 0.05
Loss: 1.6718
Train/Val/Test loss: 1.6718/1.6407/1.6323
Train/Val/Test/Best Val/Final Test accuracy: 0.8466/0.8086/0.8126/0.8086/0.8126
Run: 2/3, Epoch: 120/1000, Average epoch time: 0.05
Loss: 1.6408
Train/Val/Test loss: 1.6408/1.6314/1.6229
Train/Val/Test/Best Val/Final Test accuracy: 0.8603/0.8120/0.8175/0.8120/0.8175
Run: 2/3, Epoch: 140/1000, Average epoch time: 0.05
Loss: 1.6152
Train/Val/Test loss: 1.6152/1.6299/1.6226
Train/Val/Test/Best Val/Final Test accuracy: 0.8732/0.8132/0.8180/0.8132/0.8180
Run: 2/3, Epoch: 160/1000, Average epoch time: 0.05
Loss: 1.6024
Train/Val/Test loss: 1.6024/1.6279/1.6210
Train/Val/Test/Best Val/Final Test accuracy: 0.8807/0.8138/0.8202/0.8168/0.8202
Run: 2/3, Epoch: 180/1000, Average epoch time: 0.05
Loss: 1.5742
Train/Val/Test loss: 1.5742/1.6287/1.6193
Train/Val/Test/Best Val/Final Test accuracy: 0.8921/0.8168/0.8237/0.8171/0.8215
Run: 2/3, Epoch: 200/1000, Average epoch time: 0.05
Loss: 1.5607
Train/Val/Test loss: 1.5607/1.6399/1.6315
Train/Val/Test/Best Val/Final Test accuracy: 0.8919/0.8142/0.8178/0.8186/0.8234
Run: 2/3, Epoch: 220/1000, Average epoch time: 0.05
Loss: 1.5466
Train/Val/Test loss: 1.5466/1.6294/1.6230
Train/Val/Test/Best Val/Final Test accuracy: 0.9101/0.8188/0.8235/0.8188/0.8235
Run: 2/3, Epoch: 240/1000, Average epoch time: 0.05
Loss: 1.5275
Train/Val/Test loss: 1.5275/1.6395/1.6306
Train/Val/Test/Best Val/Final Test accuracy: 0.9079/0.8169/0.8206/0.8209/0.8238
Run: 2/3, Epoch: 260/1000, Average epoch time: 0.05
Loss: 1.5267
Train/Val/Test loss: 1.5267/1.6584/1.6456
Train/Val/Test/Best Val/Final Test accuracy: 0.9060/0.8106/0.8172/0.8209/0.8238
Run: 2/3, Epoch: 280/1000, Average epoch time: 0.05
Loss: 1.5183
Train/Val/Test loss: 1.5183/1.6429/1.6329
Train/Val/Test/Best Val/Final Test accuracy: 0.9167/0.8157/0.8223/0.8209/0.8238
**************************************************
Best val accuracy: 0.8208962713905756, Final test accuracy: 0.8238245772492347
**************************************************
Run: 3/3, Epoch: 20/1000, Average epoch time: 0.07
Loss: 2.1217
Train/Val/Test loss: 2.1217/2.0389/2.0376
Train/Val/Test/Best Val/Final Test accuracy: 0.6418/0.6429/0.6429/0.6429/0.6429
Run: 3/3, Epoch: 40/1000, Average epoch time: 0.06
Loss: 1.8640
Train/Val/Test loss: 1.8640/1.8077/1.7959
Train/Val/Test/Best Val/Final Test accuracy: 0.7653/0.7566/0.7621/0.7566/0.7621
Run: 3/3, Epoch: 60/1000, Average epoch time: 0.06
Loss: 1.7674
Train/Val/Test loss: 1.7674/1.7018/1.6911
Train/Val/Test/Best Val/Final Test accuracy: 0.8074/0.7902/0.7971/0.7902/0.7971
Run: 3/3, Epoch: 80/1000, Average epoch time: 0.06
Loss: 1.7113
Train/Val/Test loss: 1.7113/1.6565/1.6485
Train/Val/Test/Best Val/Final Test accuracy: 0.8288/0.8005/0.8062/0.8008/0.8059
Run: 3/3, Epoch: 100/1000, Average epoch time: 0.05
Loss: 1.6730
Train/Val/Test loss: 1.6730/1.6392/1.6293
Train/Val/Test/Best Val/Final Test accuracy: 0.8448/0.8054/0.8134/0.8060/0.8109
Run: 3/3, Epoch: 120/1000, Average epoch time: 0.05
Loss: 1.6398
Train/Val/Test loss: 1.6398/1.6279/1.6189
Train/Val/Test/Best Val/Final Test accuracy: 0.8610/0.8078/0.8164/0.8103/0.8172
Run: 3/3, Epoch: 140/1000, Average epoch time: 0.05
Loss: 1.6169
Train/Val/Test loss: 1.6169/1.6297/1.6198
Train/Val/Test/Best Val/Final Test accuracy: 0.8724/0.8125/0.8186/0.8125/0.8186
Run: 3/3, Epoch: 160/1000, Average epoch time: 0.05
Loss: 1.6046
Train/Val/Test loss: 1.6046/1.6298/1.6228
Train/Val/Test/Best Val/Final Test accuracy: 0.8817/0.8109/0.8147/0.8138/0.8190
Run: 3/3, Epoch: 180/1000, Average epoch time: 0.05
Loss: 1.5736
Train/Val/Test loss: 1.5736/1.6387/1.6271
Train/Val/Test/Best Val/Final Test accuracy: 0.8871/0.8122/0.8188/0.8183/0.8239
Run: 3/3, Epoch: 200/1000, Average epoch time: 0.05
Loss: 1.5598
Train/Val/Test loss: 1.5598/1.6343/1.6217
Train/Val/Test/Best Val/Final Test accuracy: 0.8960/0.8143/0.8200/0.8183/0.8239
Run: 3/3, Epoch: 220/1000, Average epoch time: 0.05
Loss: 1.5542
Train/Val/Test loss: 1.5542/1.6436/1.6320
Train/Val/Test/Best Val/Final Test accuracy: 0.9015/0.8128/0.8169/0.8206/0.8244
Run: 3/3, Epoch: 240/1000, Average epoch time: 0.05
Loss: 1.5307
Train/Val/Test loss: 1.5307/1.6340/1.6228
Train/Val/Test/Best Val/Final Test accuracy: 0.9162/0.8195/0.8240/0.8206/0.8244
**************************************************
Best val accuracy: 0.820595172379184, Final test accuracy: 0.8243765367053039
**************************************************
Runned 3 times
Average val accuracy: 82.192 +/- 0.166%
Average test accuracy: 82.541 +/- 0.187%
