The Graph change to the undirected graph
Total edges before adding self-loop 1167188
Total edges after adding self-loop 1266826
Num classes: 50, feat dim: 4096
Run: 1/3, Epoch: 20/1000, Average epoch time: 0.14
Loss: 2.2339
Train/Val/Test loss: 2.2339/2.1890/2.1791
Train/Val/Test/Best Val/Final Test accuracy: 0.4663/0.4542/0.4616/0.4542/0.4616
Run: 1/3, Epoch: 40/1000, Average epoch time: 0.12
Loss: 2.0074
Train/Val/Test loss: 2.0074/1.9899/1.9794
Train/Val/Test/Best Val/Final Test accuracy: 0.6331/0.5985/0.6126/0.5985/0.6126
Run: 1/3, Epoch: 60/1000, Average epoch time: 0.11
Loss: 1.8634
Train/Val/Test loss: 1.8634/1.9004/1.8950
Train/Val/Test/Best Val/Final Test accuracy: 0.7239/0.6589/0.6647/0.6589/0.6647
Run: 1/3, Epoch: 80/1000, Average epoch time: 0.10
Loss: 1.7529
Train/Val/Test loss: 1.7529/1.8611/1.8601
Train/Val/Test/Best Val/Final Test accuracy: 0.7862/0.6867/0.6903/0.6867/0.6903
Run: 1/3, Epoch: 100/1000, Average epoch time: 0.10
Loss: 1.6743
Train/Val/Test loss: 1.6743/1.8597/1.8603
Train/Val/Test/Best Val/Final Test accuracy: 0.8246/0.6955/0.6982/0.6989/0.7010
Run: 1/3, Epoch: 120/1000, Average epoch time: 0.09
Loss: 1.6105
Train/Val/Test loss: 1.6105/1.8681/1.8730
Train/Val/Test/Best Val/Final Test accuracy: 0.8468/0.6989/0.7012/0.7047/0.7039
Run: 1/3, Epoch: 140/1000, Average epoch time: 0.09
Loss: 1.5700
Train/Val/Test loss: 1.5700/1.8890/1.8930
Train/Val/Test/Best Val/Final Test accuracy: 0.8554/0.6963/0.6979/0.7047/0.7039
Run: 1/3, Epoch: 160/1000, Average epoch time: 0.09
Loss: 1.5405
Train/Val/Test loss: 1.5405/1.9050/1.9126
Train/Val/Test/Best Val/Final Test accuracy: 0.8610/0.6958/0.6964/0.7047/0.7039
**************************************************
Best val accuracy: 0.7046720529934261, Final test accuracy: 0.7039490190175122
**************************************************
Run: 2/3, Epoch: 20/1000, Average epoch time: 0.10
Loss: 2.2175
Train/Val/Test loss: 2.2175/2.1798/2.1711
Train/Val/Test/Best Val/Final Test accuracy: 0.4760/0.4630/0.4700/0.4630/0.4700
Run: 2/3, Epoch: 40/1000, Average epoch time: 0.10
Loss: 2.0016
Train/Val/Test loss: 2.0016/1.9885/1.9809
Train/Val/Test/Best Val/Final Test accuracy: 0.6366/0.6033/0.6126/0.6033/0.6126
Run: 2/3, Epoch: 60/1000, Average epoch time: 0.09
Loss: 1.8630
Train/Val/Test loss: 1.8630/1.9018/1.8990
Train/Val/Test/Best Val/Final Test accuracy: 0.7222/0.6557/0.6629/0.6557/0.6629
Run: 2/3, Epoch: 80/1000, Average epoch time: 0.09
Loss: 1.7584
Train/Val/Test loss: 1.7584/1.8613/1.8619
Train/Val/Test/Best Val/Final Test accuracy: 0.7839/0.6842/0.6867/0.6848/0.6865
Run: 2/3, Epoch: 100/1000, Average epoch time: 0.09
Loss: 1.6746
Train/Val/Test loss: 1.6746/1.8573/1.8589
Train/Val/Test/Best Val/Final Test accuracy: 0.8254/0.6965/0.7013/0.6981/0.7002
Run: 2/3, Epoch: 120/1000, Average epoch time: 0.09
Loss: 1.6133
Train/Val/Test loss: 1.6133/1.8700/1.8718
Train/Val/Test/Best Val/Final Test accuracy: 0.8472/0.7006/0.7040/0.7014/0.7019
Run: 2/3, Epoch: 140/1000, Average epoch time: 0.08
Loss: 1.5751
Train/Val/Test loss: 1.5751/1.8858/1.8861
Train/Val/Test/Best Val/Final Test accuracy: 0.8571/0.6959/0.7002/0.7028/0.7051
Run: 2/3, Epoch: 160/1000, Average epoch time: 0.08
Loss: 1.5460
Train/Val/Test loss: 1.5460/1.9079/1.9119
Train/Val/Test/Best Val/Final Test accuracy: 0.8603/0.6952/0.6959/0.7028/0.7051
**************************************************
Best val accuracy: 0.7028152757565113, Final test accuracy: 0.7051031160620201
**************************************************
Run: 3/3, Epoch: 20/1000, Average epoch time: 0.10
Loss: 2.2258
Train/Val/Test loss: 2.2258/2.1871/2.1764
Train/Val/Test/Best Val/Final Test accuracy: 0.4622/0.4513/0.4632/0.4513/0.4632
Run: 3/3, Epoch: 40/1000, Average epoch time: 0.09
Loss: 2.0090
Train/Val/Test loss: 2.0090/1.9929/1.9842
Train/Val/Test/Best Val/Final Test accuracy: 0.6265/0.5968/0.6034/0.5968/0.6034
Run: 3/3, Epoch: 60/1000, Average epoch time: 0.09
Loss: 1.8701
Train/Val/Test loss: 1.8701/1.9052/1.8988
Train/Val/Test/Best Val/Final Test accuracy: 0.7175/0.6562/0.6632/0.6562/0.6632
Run: 3/3, Epoch: 80/1000, Average epoch time: 0.10
Loss: 1.7592
Train/Val/Test loss: 1.7592/1.8609/1.8573
Train/Val/Test/Best Val/Final Test accuracy: 0.7835/0.6847/0.6888/0.6863/0.6895
Run: 3/3, Epoch: 100/1000, Average epoch time: 0.09
Loss: 1.6771
Train/Val/Test loss: 1.6771/1.8534/1.8550
Train/Val/Test/Best Val/Final Test accuracy: 0.8251/0.6995/0.7015/0.6995/0.7002
Run: 3/3, Epoch: 120/1000, Average epoch time: 0.09
Loss: 1.6170
Train/Val/Test loss: 1.6170/1.8681/1.8700
Train/Val/Test/Best Val/Final Test accuracy: 0.8459/0.7008/0.7023/0.7045/0.7038
Run: 3/3, Epoch: 140/1000, Average epoch time: 0.09
Loss: 1.5732
Train/Val/Test loss: 1.5732/1.8859/1.8902
Train/Val/Test/Best Val/Final Test accuracy: 0.8572/0.6997/0.7000/0.7050/0.7047
Run: 3/3, Epoch: 160/1000, Average epoch time: 0.08
Loss: 1.5445
Train/Val/Test loss: 1.5445/1.8981/1.9018
Train/Val/Test/Best Val/Final Test accuracy: 0.8601/0.6969/0.6959/0.7050/0.7047
**************************************************
Best val accuracy: 0.7050233351733829, Final test accuracy: 0.7047016910030609
**************************************************
Runned 3 times
Average val accuracy: 70.417 +/- 0.097%
Average test accuracy: 70.458 +/- 0.048%
