The Graph change to the undirected graph
Total edges before adding self-loop 1167188
Total edges after adding self-loop 1266826
Run: 1/3, Epoch: 20/1000, Average epoch time: 0.23
Loss: 2.6645
Train/Val/Test loss: 2.6645/2.3525/2.3509
Train/Val/Test/Best Val/Final Test accuracy: 0.4283/0.4278/0.4274/0.4278/0.4274
Run: 1/3, Epoch: 40/1000, Average epoch time: 0.20
Loss: 2.1318
Train/Val/Test loss: 2.1318/1.8782/1.8712
Train/Val/Test/Best Val/Final Test accuracy: 0.7030/0.6957/0.7010/0.6957/0.7010
Run: 1/3, Epoch: 60/1000, Average epoch time: 0.20
Loss: 1.9785
Train/Val/Test loss: 1.9785/1.7606/1.7556
Train/Val/Test/Best Val/Final Test accuracy: 0.7523/0.7406/0.7454/0.7406/0.7440
Run: 1/3, Epoch: 80/1000, Average epoch time: 0.19
Loss: 1.9220
Train/Val/Test loss: 1.9220/1.7244/1.7201
Train/Val/Test/Best Val/Final Test accuracy: 0.7701/0.7506/0.7577/0.7506/0.7577
Run: 1/3, Epoch: 100/1000, Average epoch time: 0.18
Loss: 1.8861
Train/Val/Test loss: 1.8861/1.7088/1.7050
Train/Val/Test/Best Val/Final Test accuracy: 0.7845/0.7558/0.7577/0.7558/0.7577
Run: 1/3, Epoch: 120/1000, Average epoch time: 0.18
Loss: 1.8561
Train/Val/Test loss: 1.8561/1.7037/1.6998
Train/Val/Test/Best Val/Final Test accuracy: 0.7976/0.7541/0.7566/0.7558/0.7561
Run: 1/3, Epoch: 140/1000, Average epoch time: 0.18
Loss: 1.8311
Train/Val/Test loss: 1.8311/1.7040/1.7006
Train/Val/Test/Best Val/Final Test accuracy: 0.8084/0.7514/0.7571/0.7558/0.7561
Run: 1/3, Epoch: 160/1000, Average epoch time: 0.18
Loss: 1.8111
Train/Val/Test loss: 1.8111/1.7050/1.7024
Train/Val/Test/Best Val/Final Test accuracy: 0.8207/0.7503/0.7536/0.7558/0.7561
**************************************************
Best val accuracy: 0.7558087017614292, Final test accuracy: 0.7560840985498519
**************************************************
Run: 2/3, Epoch: 20/1000, Average epoch time: 0.18
Loss: 2.6586
Train/Val/Test loss: 2.6586/2.3462/2.3438
Train/Val/Test/Best Val/Final Test accuracy: 0.4233/0.4168/0.4185/0.4168/0.4185
Run: 2/3, Epoch: 40/1000, Average epoch time: 0.18
Loss: 2.1263
Train/Val/Test loss: 2.1263/1.8737/1.8684
Train/Val/Test/Best Val/Final Test accuracy: 0.6941/0.6863/0.6952/0.6863/0.6957
Run: 2/3, Epoch: 60/1000, Average epoch time: 0.17
Loss: 1.9784
Train/Val/Test loss: 1.9784/1.7602/1.7542
Train/Val/Test/Best Val/Final Test accuracy: 0.7507/0.7384/0.7442/0.7384/0.7442
Run: 2/3, Epoch: 80/1000, Average epoch time: 0.18
Loss: 1.9226
Train/Val/Test loss: 1.9226/1.7246/1.7200
Train/Val/Test/Best Val/Final Test accuracy: 0.7691/0.7488/0.7562/0.7488/0.7562
Run: 2/3, Epoch: 100/1000, Average epoch time: 0.17
Loss: 1.8855
Train/Val/Test loss: 1.8855/1.7105/1.7049
Train/Val/Test/Best Val/Final Test accuracy: 0.7841/0.7536/0.7579/0.7540/0.7575
Run: 2/3, Epoch: 120/1000, Average epoch time: 0.17
Loss: 1.8611
Train/Val/Test loss: 1.8611/1.7056/1.6992
Train/Val/Test/Best Val/Final Test accuracy: 0.7966/0.7515/0.7567/0.7543/0.7579
Run: 2/3, Epoch: 140/1000, Average epoch time: 0.17
Loss: 1.8326
Train/Val/Test loss: 1.8326/1.7044/1.6976
Train/Val/Test/Best Val/Final Test accuracy: 0.8086/0.7515/0.7548/0.7543/0.7579
**************************************************
Best val accuracy: 0.7543032067044714, Final test accuracy: 0.7578905113151688
**************************************************
Run: 3/3, Epoch: 20/1000, Average epoch time: 0.18
Loss: 2.6557
Train/Val/Test loss: 2.6557/2.3410/2.3382
Train/Val/Test/Best Val/Final Test accuracy: 0.4209/0.4172/0.4243/0.4172/0.4243
Run: 3/3, Epoch: 40/1000, Average epoch time: 0.18
Loss: 2.1342
Train/Val/Test loss: 2.1342/1.8791/1.8722
Train/Val/Test/Best Val/Final Test accuracy: 0.6947/0.6895/0.6931/0.6895/0.6931
Run: 3/3, Epoch: 60/1000, Average epoch time: 0.18
Loss: 1.9822
Train/Val/Test loss: 1.9822/1.7623/1.7582
Train/Val/Test/Best Val/Final Test accuracy: 0.7486/0.7362/0.7451/0.7369/0.7427
Run: 3/3, Epoch: 80/1000, Average epoch time: 0.18
Loss: 1.9248
Train/Val/Test loss: 1.9248/1.7251/1.7214
Train/Val/Test/Best Val/Final Test accuracy: 0.7693/0.7515/0.7562/0.7515/0.7562
Run: 3/3, Epoch: 100/1000, Average epoch time: 0.18
Loss: 1.8886
Train/Val/Test loss: 1.8886/1.7100/1.7058
Train/Val/Test/Best Val/Final Test accuracy: 0.7833/0.7543/0.7586/0.7554/0.7583
Run: 3/3, Epoch: 120/1000, Average epoch time: 0.17
Loss: 1.8595
Train/Val/Test loss: 1.8595/1.7059/1.7005
Train/Val/Test/Best Val/Final Test accuracy: 0.7930/0.7535/0.7572/0.7557/0.7589
Run: 3/3, Epoch: 140/1000, Average epoch time: 0.17
Loss: 1.8350
Train/Val/Test loss: 1.8350/1.7018/1.6966
Train/Val/Test/Best Val/Final Test accuracy: 0.8080/0.7543/0.7582/0.7558/0.7583
Run: 3/3, Epoch: 160/1000, Average epoch time: 0.17
Loss: 1.8156
Train/Val/Test loss: 1.8156/1.7067/1.7022
Train/Val/Test/Best Val/Final Test accuracy: 0.8171/0.7508/0.7528/0.7558/0.7583
Run: 3/3, Epoch: 180/1000, Average epoch time: 0.17
Loss: 1.7909
Train/Val/Test loss: 1.7909/1.7108/1.7070
Train/Val/Test/Best Val/Final Test accuracy: 0.8302/0.7509/0.7523/0.7558/0.7583
**************************************************
Best val accuracy: 0.7557585185928639, Final test accuracy: 0.7582919363741282
**************************************************
Runned 3 times
Average val accuracy: 75.529 +/- 0.070%
Average test accuracy: 75.742 +/- 0.096%
